============================================================
📈 小红书热门内容分析工具 - 主题筛选模式
============================================================

🎯 分析主题：千岛湖旅游攻略
🔑 扩展后关键词 (18个): 目的地, 攻略, 出游, 教程, 玩法, 打卡地, 推荐, 路线, 指南, 旅行...

📂 加载数据：/home/tbxsx/XHS_Post/xhs_post_from_search/jsonl/*.jsonl
  加载：search_comments_2026-03-15.jsonl
  加载：search_contents_2026-03-15.jsonl

🔍 筛选主题相关内容...
✅ 筛选后剩余 534 篇笔记 (原始：3529篇)

🔍 开始分析...
📊 共加载 534 篇笔记
🔥 找到 398 篇高赞笔记 (点赞>=3000)

============================================================
✅ 热门内容分析完成！

📊 关键发现:
  • 高赞笔记平均字数：669 字
  • 0篇使用 Emoji 表情
  • 231篇使用清单体
  • 最常用 Emoji: 无

🏷️  Top 10 热门标签:
  1. #西双版纳 (248次)
  2. #西双版纳旅游 (150次)
  3. #西双版纳美食 (134次)
  4. #西双版纳旅游攻略 (104次)
  5. #西双版纳游玩攻略 (52次)
  6. #西双版纳旅行 (47次)
  7. #基诺山雨林徒步 (39次)
  8. #西双版纳旅行攻略 (38次)
  9. #西双版纳酒店 (38次)
  10. #星光夜市 (38次)

💾 结果已保存到：/home/tbxsx/XHS_Post/config/trending_analysis.json
============================================================
============================================================
📝 小红书笔记生成器 - 通用主题驱动模式
============================================================

🎯 生成主题：千岛湖旅游攻略
📊 生成数量：10 篇
📂 输出目录：/home/tbxsx/XHS_Post/generated_posts/2026-03-15

📂 加载数据...
  加载原始数据：/home/tbxsx/XHS_Post/xhs_post_from_search/jsonl/*.jsonl
  • 原始笔记：3529 篇
  • 已用组合：20 个

🎨 开始生成 10 篇笔记...
  正在生成第 1 篇笔记...
  ✅ post_001: post_001.md
  正在生成第 2 篇笔记...
  ✅ post_002: post_002.md
  正在生成第 3 篇笔记...
  ✅ post_003: post_003.md
  正在生成第 4 篇笔记...
  ✅ post_004: post_004.md
  正在生成第 5 篇笔记...
  ✅ post_005: post_005.md
  正在生成第 6 篇笔记...
  ✅ post_006: post_006.md
  正在生成第 7 篇笔记...
  ✅ post_007: post_007.md
  正在生成第 8 篇笔记...
  ✅ post_008: post_008.md
  正在生成第 9 篇笔记...
  ✅ post_009: post_009.md
  正在生成第 10 篇笔记...
  ✅ post_010: post_010.md

============================================================
✅ 笔记生成完成！

📊 生成统计:
  • 生成笔记：10 篇
  • 主题：千岛湖旅游攻略
  • 输出目录：/home/tbxsx/XHS_Post/generated_posts/2026-03-15
  • 累计生成：138 篇

📝 文件列表:
  • post_001.md - #旅行攻略 #旅游攻略 #周末去哪儿...
  • post_002.md - #旅行攻略 #旅游攻略 #周末去哪儿...
  • post_003.md - #旅行攻略 #旅游攻略 #周末去哪儿...
  • post_004.md - #旅行攻略 #旅游攻略 #周末去哪儿...
  • post_005.md - #旅行攻略 #旅游攻略 #周末去哪儿...
  • post_006.md - #旅行攻略 #旅游攻略 #周末去哪儿...
  • post_007.md - #旅行攻略 #旅游攻略 #周末去哪儿...
  • post_008.md - #旅行攻略 #旅游攻略 #周末去哪儿...
  • post_009.md - #旅行攻略 #旅游攻略 #周末去哪儿...
  • post_010.md - #旅行攻略 #旅游攻略 #周末去哪儿...

💾 状态已更新：/home/tbxsx/XHS_Post/config/generation_state.json
============================================================
