============================================================
📈 小红书热门内容分析工具 - 主题筛选模式
============================================================

🎯 分析主题：千岛湖住宿
🔑 扩展后关键词 (1个): 千岛湖住宿...

📂 加载数据：/home/tbxsx/XHS_Post/xhs_post_from_search/jsonl/*.jsonl
  加载：search_comments_2026-03-15.jsonl
  加载：search_contents_2026-03-15.jsonl

🔍 筛选主题相关内容...
✅ 筛选后剩余 0 篇笔记 (原始：3529篇)
⚠️  没有找到与主题相关的内容，请尝试其他关键词
============================================================
📝 小红书笔记生成器 - 通用主题驱动模式
============================================================

🎯 生成主题：千岛湖住宿
📊 生成数量：10 篇
📂 输出目录：/home/tbxsx/XHS_Post/generated_posts/2026-03-15

📂 加载数据...
  加载原始数据：/home/tbxsx/XHS_Post/xhs_post_from_search/jsonl/*.jsonl
  • 原始笔记：3529 篇
  • 已用组合：20 个

⚠️  警告：当前分析数据主题为 '千岛湖旅游攻略'，与生成主题 '千岛湖住宿' 不匹配
💡 建议先运行：python scripts/02_analyze_trending.py --topic '千岛湖住宿'

🎨 开始生成 10 篇笔记...
  正在生成第 1 篇笔记...
  ✅ post_001: post_001.md
  正在生成第 2 篇笔记...
  ✅ post_002: post_002.md
  正在生成第 3 篇笔记...
  ✅ post_003: post_003.md
  正在生成第 4 篇笔记...
  ✅ post_004: post_004.md
  正在生成第 5 篇笔记...
  ✅ post_005: post_005.md
  正在生成第 6 篇笔记...
  ✅ post_006: post_006.md
  正在生成第 7 篇笔记...
  ✅ post_007: post_007.md
  正在生成第 8 篇笔记...
  ✅ post_008: post_008.md
  正在生成第 9 篇笔记...
  ✅ post_009: post_009.md
  正在生成第 10 篇笔记...
  ✅ post_010: post_010.md

============================================================
✅ 笔记生成完成！

📊 生成统计:
  • 生成笔记：10 篇
  • 主题：千岛湖住宿
  • 输出目录：/home/tbxsx/XHS_Post/generated_posts/2026-03-15
  • 累计生成：148 篇

📝 文件列表:
  • post_001.md - #酒店推荐 #度假 #旅行住宿...
  • post_002.md - #酒店推荐 #度假 #旅行住宿...
  • post_003.md - #酒店推荐 #度假 #旅行住宿...
  • post_004.md - #酒店推荐 #度假 #旅行住宿...
  • post_005.md - #酒店推荐 #度假 #旅行住宿...
  • post_006.md - #酒店推荐 #度假 #旅行住宿...
  • post_007.md - #酒店推荐 #度假 #旅行住宿...
  • post_008.md - #酒店推荐 #度假 #旅行住宿...
  • post_009.md - #酒店推荐 #度假 #旅行住宿...
  • post_010.md - #酒店推荐 #度假 #旅行住宿...

💾 状态已更新：/home/tbxsx/XHS_Post/config/generation_state.json
============================================================
