============================================================
📈 小红书热门内容分析工具 - 主题筛选模式
============================================================

🎯 分析主题：千岛湖民宿
🔑 扩展后关键词 (1个): 千岛湖民宿...

📂 加载数据：/home/tbxsx/XHS_Post/xhs_post_from_search/jsonl/*.jsonl
  加载：search_comments_2026-03-15.jsonl
  加载：search_comments_2026-03-12.jsonl
  加载：search_contents_2026-03-12.jsonl
  加载：search_contents_2026-03-15.jsonl

🔍 Step 1: 按 source_keyword 筛选主题相关数据...
   找到 255 篇与 '千岛湖民宿' 相关的笔记 (原始：6244篇)

🔍 Step 2: 按关键词二次筛选内容...
   筛选后剩余 3 篇笔记

🔍 开始分析...
📊 共加载 3 篇主题相关笔记
   调试：posts 类型 = <class 'list'>, 第一篇的 keys = ['note_id', 'type', 'title', 'desc', 'video_url', 'time', 'last_update_time', 'user_id', 'nickname', 'avatar', 'liked_count', 'collected_count', 'comment_count', 'share_count', 'ip_location', 'image_list', 'tag_list', 'last_modify_ts', 'note_url', 'source_keyword', 'xsec_token']
   调试：第一篇的 source_keyword = 千岛湖酒店
   调试：第一篇的 desc 长度 = 631
🔥 找到 0 篇高赞笔记 (点赞>=3000)
⚠️  高赞笔记较少，降低阈值到 1000...
   调试：top_posts 数量 = 2
   调试：提取特征...
   调试：extract_value_points 返回 0 个结果
   调试：features 中 value_points 数量 = 0

============================================================
✅ 热门内容分析完成！

📊 关键发现:
  • 高赞笔记平均字数：631 字
  • 0篇使用 Emoji 表情
  • 2篇使用清单体
  • 最常用 Emoji: 无

🏷️  Top 10 热门标签:
  1. #千岛湖 (2次)
  2. #千岛湖旅游 (2次)
  3. #千岛湖旅游攻略 (2次)
  4. #千岛湖旅行 (2次)
  5. #千岛湖旅行攻略 (2次)
  6. #千岛湖美食 (2次)
  7. #千岛湖民宿 (2次)
  8. #杭州千岛湖 (2次)
  9. #千岛湖交通指南 (2次)
  10. #千岛湖团建 (2次)

💾 结果已保存到：/home/tbxsx/XHS_Post/config/trending_analysis.json
============================================================
============================================================
📝 小红书笔记生成器 - 通用主题驱动模式
============================================================

🎯 生成主题：千岛湖民宿
📊 生成数量：10 篇
📂 输出目录：/home/tbxsx/XHS_Post/generated_posts/2026-03-15

📂 加载数据...
✅ 数据检查通过：3 篇相关笔记，2 篇高赞笔记

  加载原始数据：/home/tbxsx/XHS_Post/xhs_post_from_search/jsonl/*.jsonl
  • 原始笔记总数：0 篇（已按 source_keyword='千岛湖民宿' 过滤）
  • 已用组合：0 个

🎨 开始生成 10 篇笔记...
  正在生成第 1 篇笔记...
  ✅ 千岛湖民宿_深度体验_001: 千岛湖民宿_深度体验_001.md
  正在生成第 2 篇笔记...
  ✅ 千岛湖民宿_本地人推荐_002: 千岛湖民宿_本地人推荐_002.md
  正在生成第 3 篇笔记...
  ✅ 千岛湖民宿_必去推荐_003: 千岛湖民宿_必去推荐_003.md
  正在生成第 4 篇笔记...
  ✅ 千岛湖民宿_避坑指南_004: 千岛湖民宿_避坑指南_004.md
  正在生成第 5 篇笔记...
  ✅ 千岛湖民宿_本地人推荐_005: 千岛湖民宿_本地人推荐_005.md
  正在生成第 6 篇笔记...
  ✅ 千岛湖民宿_必去推荐_006: 千岛湖民宿_必去推荐_006.md
  正在生成第 7 篇笔记...
  ✅ 千岛湖民宿_省钱攻略_007: 千岛湖民宿_省钱攻略_007.md
  正在生成第 8 篇笔记...
  ✅ 千岛湖民宿_深度体验_008: 千岛湖民宿_深度体验_008.md
  正在生成第 9 篇笔记...
  ✅ 千岛湖民宿_小众玩法_009: 千岛湖民宿_小众玩法_009.md
  正在生成第 10 篇笔记...
  ✅ 千岛湖民宿_省钱攻略_010: 千岛湖民宿_省钱攻略_010.md

============================================================
✅ 笔记生成完成！

📊 生成统计:
  • 生成笔记：10 篇
  • 主题：千岛湖民宿
  • 输出目录：/home/tbxsx/XHS_Post/generated_posts/2026-03-15
  • 累计生成：18 篇

📝 文件列表:
  • 千岛湖民宿_深度体验_001.md - #酒店推荐 #度假 #旅行住宿...
  • 千岛湖民宿_本地人推荐_002.md - #酒店推荐 #度假 #旅行住宿...
  • 千岛湖民宿_必去推荐_003.md - #酒店推荐 #度假 #旅行住宿...
  • 千岛湖民宿_避坑指南_004.md - #酒店推荐 #度假 #旅行住宿...
  • 千岛湖民宿_本地人推荐_005.md - #酒店推荐 #度假 #旅行住宿...
  • 千岛湖民宿_必去推荐_006.md - #酒店推荐 #度假 #旅行住宿...
  • 千岛湖民宿_省钱攻略_007.md - #酒店推荐 #度假 #旅行住宿...
  • 千岛湖民宿_深度体验_008.md - #酒店推荐 #度假 #旅行住宿...
  • 千岛湖民宿_小众玩法_009.md - #酒店推荐 #度假 #旅行住宿...
  • 千岛湖民宿_省钱攻略_010.md - #酒店推荐 #度假 #旅行住宿...

💾 状态已更新：/home/tbxsx/XHS_Post/config/generation_state.json
============================================================
