============================================================
📈 小红书热门内容分析工具 - 主题筛选模式
============================================================

🎯 分析主题：千岛湖亲子酒店
🔑 扩展后关键词 (19个): 孩子, 民宿, 小朋友, 入住, 家庭, 房型, 度假村, 儿童, 宾馆, 亲子...

📂 加载数据：/home/tbxsx/XHS_Post/xhs_post_from_search/jsonl/*.jsonl
  加载：search_comments_2026-03-15.jsonl
  加载：search_comments_2026-03-12.jsonl
  加载：search_contents_2026-03-12.jsonl
  加载：search_contents_2026-03-15.jsonl

🔍 Step 1: 按 source_keyword 筛选主题相关数据...
   找到 255 篇与 '千岛湖亲子酒店' 相关的笔记 (原始：6244篇)

🔍 Step 2: 按关键词二次筛选内容...
   筛选后剩余 164 篇笔记

🔍 开始分析...
📊 共加载 164 篇主题相关笔记
🔥 找到 30 篇高赞笔记 (点赞>=3000)
   提取到 50 个价值点

============================================================
✅ 热门内容分析完成！

📊 关键发现:
  • 高赞笔记平均字数：832 字
  • 9篇使用 Emoji 表情
  • 24篇使用清单体
  • 最常用 Emoji: f

🏷️  Top 10 热门标签:
  1. #千岛湖 (16次)
  2. #江浙沪周边游 (13次)
  3. #千岛湖攻略 (11次)
  4. #上海周边游 (8次)
  5. #千岛湖旅游 (7次)
  6. #懒人旅游攻略 (6次)
  7. #杭州周边游 (6次)
  8. #不早起旅行日记 (5次)
  9. #小众度假好去处 (5次)
  10. #值得N刷的宝藏出游地 (5次)

💾 结果已保存到：/home/tbxsx/XHS_Post/config/trending_analysis.json
============================================================
============================================================
📝 小红书笔记生成器 - 通用主题驱动模式
============================================================

🎯 生成主题：千岛湖亲子酒店
📊 生成数量：10 篇
📂 输出目录：/home/tbxsx/XHS_Post/generated_posts/2026-03-15

📂 加载数据...
✅ 数据检查通过：164 篇相关笔记，30 篇高赞笔记

  加载原始数据：/home/tbxsx/XHS_Post/xhs_post_from_search/jsonl/*.jsonl
  • 原始笔记总数：0 篇（已按 source_keyword='千岛湖亲子酒店' 过滤）
  • 已用组合：0 个

🎨 开始生成 10 篇笔记...
  正在生成第 1 篇笔记...
  ✅ 千岛湖亲子酒店_省钱攻略_001: 千岛湖亲子酒店_省钱攻略_001.md
  正在生成第 2 篇笔记...
  ✅ 千岛湖亲子酒店_小众玩法_002: 千岛湖亲子酒店_小众玩法_002.md
  正在生成第 3 篇笔记...
  ✅ 千岛湖亲子酒店_小众玩法_003: 千岛湖亲子酒店_小众玩法_003.md
  正在生成第 4 篇笔记...
  ✅ 千岛湖亲子酒店_小众玩法_004: 千岛湖亲子酒店_小众玩法_004.md
  正在生成第 5 篇笔记...
  ✅ 千岛湖亲子酒店_避坑指南_005: 千岛湖亲子酒店_避坑指南_005.md
  正在生成第 6 篇笔记...
  ✅ 千岛湖亲子酒店_本地人推荐_006: 千岛湖亲子酒店_本地人推荐_006.md
  正在生成第 7 篇笔记...
  ✅ 千岛湖亲子酒店_避坑指南_007: 千岛湖亲子酒店_避坑指南_007.md
  正在生成第 8 篇笔记...
  ✅ 千岛湖亲子酒店_省钱攻略_008: 千岛湖亲子酒店_省钱攻略_008.md
  正在生成第 9 篇笔记...
  ✅ 千岛湖亲子酒店_避坑指南_009: 千岛湖亲子酒店_避坑指南_009.md
  正在生成第 10 篇笔记...
  ✅ 千岛湖亲子酒店_小众玩法_010: 千岛湖亲子酒店_小众玩法_010.md

============================================================
✅ 笔记生成完成！

📊 生成统计:
  • 生成笔记：10 篇
  • 主题：千岛湖亲子酒店
  • 输出目录：/home/tbxsx/XHS_Post/generated_posts/2026-03-15
  • 累计生成：29 篇

📝 文件列表:
  • 千岛湖亲子酒店_省钱攻略_001.md - #亲子游 #带娃旅行 #遛娃好去处...
  • 千岛湖亲子酒店_小众玩法_002.md - #亲子游 #带娃旅行 #遛娃好去处...
  • 千岛湖亲子酒店_小众玩法_003.md - #亲子游 #带娃旅行 #遛娃好去处...
  • 千岛湖亲子酒店_小众玩法_004.md - #亲子游 #带娃旅行 #遛娃好去处...
  • 千岛湖亲子酒店_避坑指南_005.md - #亲子游 #带娃旅行 #遛娃好去处...
  • 千岛湖亲子酒店_本地人推荐_006.md - #亲子游 #带娃旅行 #遛娃好去处...
  • 千岛湖亲子酒店_避坑指南_007.md - #亲子游 #带娃旅行 #遛娃好去处...
  • 千岛湖亲子酒店_省钱攻略_008.md - #亲子游 #带娃旅行 #遛娃好去处...
  • 千岛湖亲子酒店_避坑指南_009.md - #亲子游 #带娃旅行 #遛娃好去处...
  • 千岛湖亲子酒店_小众玩法_010.md - #亲子游 #带娃旅行 #遛娃好去处...

💾 状态已更新：/home/tbxsx/XHS_Post/config/generation_state.json
============================================================
