============================================================
📈 小红书热门内容分析工具 - 主题筛选模式
============================================================

🎯 分析主题：千岛湖住宿
🔑 扩展后关键词 (9个): 住宿, 入住, 度假村, 公寓, 宾馆, 千岛湖住宿, 酒店, 民宿, 客栈...

📂 加载数据：/home/tbxsx/XHS_Post/xhs_post_from_search/jsonl/*.jsonl
  加载：search_comments_2026-03-15.jsonl
  加载：search_contents_2026-03-15.jsonl

🔍 筛选主题相关内容...
✅ 筛选后剩余 302 篇笔记 (原始：3529篇)

🔍 开始分析...
📊 共加载 302 篇笔记
🔥 找到 219 篇高赞笔记 (点赞>=3000)

============================================================
✅ 热门内容分析完成！

📊 关键发现:
  • 高赞笔记平均字数：832 字
  • 0篇使用 Emoji 表情
  • 166篇使用清单体
  • 最常用 Emoji: 无

🏷️  Top 10 热门标签:
  1. #西双版纳 (123次)
  2. #西双版纳旅游 (64次)
  3. #西双版纳旅游攻略 (49次)
  4. #基诺山雨林徒步 (39次)
  5. #西双版纳酒店 (38次)
  6. #我的小众旅行攻略 (37次)
  7. #西双版纳游玩攻略 (32次)
  8. #西双版纳美食 (29次)
  9. #云南旅游 (24次)
  10. #小众旅行地 (22次)

💾 结果已保存到：/home/tbxsx/XHS_Post/config/trending_analysis.json
============================================================
============================================================
📝 小红书笔记生成器 - 通用主题驱动模式
============================================================

🎯 生成主题：千岛湖住宿
📊 生成数量：10 篇
📂 输出目录：/home/tbxsx/XHS_Post/generated_posts/2026-03-15

📂 加载数据...
  加载原始数据：/home/tbxsx/XHS_Post/xhs_post_from_search/jsonl/*.jsonl
  • 原始笔记：3529 篇
  • 已用组合：20 个

🎨 开始生成 10 篇笔记...
  正在生成第 1 篇笔记...
  ✅ post_001: post_001.md
  正在生成第 2 篇笔记...
  ✅ post_002: post_002.md
  正在生成第 3 篇笔记...
  ✅ post_003: post_003.md
  正在生成第 4 篇笔记...
  ✅ post_004: post_004.md
  正在生成第 5 篇笔记...
  ✅ post_005: post_005.md
  正在生成第 6 篇笔记...
  ✅ post_006: post_006.md
  正在生成第 7 篇笔记...
  ✅ post_007: post_007.md
  正在生成第 8 篇笔记...
  ✅ post_008: post_008.md
  正在生成第 9 篇笔记...
  ✅ post_009: post_009.md
  正在生成第 10 篇笔记...
  ✅ post_010: post_010.md

============================================================
✅ 笔记生成完成！

📊 生成统计:
  • 生成笔记：10 篇
  • 主题：千岛湖住宿
  • 输出目录：/home/tbxsx/XHS_Post/generated_posts/2026-03-15
  • 累计生成：158 篇

📝 文件列表:
  • post_001.md - #酒店推荐 #度假 #旅行住宿...
  • post_002.md - #酒店推荐 #度假 #旅行住宿...
  • post_003.md - #酒店推荐 #度假 #旅行住宿...
  • post_004.md - #酒店推荐 #度假 #旅行住宿...
  • post_005.md - #酒店推荐 #度假 #旅行住宿...
  • post_006.md - #酒店推荐 #度假 #旅行住宿...
  • post_007.md - #酒店推荐 #度假 #旅行住宿...
  • post_008.md - #酒店推荐 #度假 #旅行住宿...
  • post_009.md - #酒店推荐 #度假 #旅行住宿...
  • post_010.md - #酒店推荐 #度假 #旅行住宿...

💾 状态已更新：/home/tbxsx/XHS_Post/config/generation_state.json
============================================================
